{"level":"info","message":"Server is running!"}
{"level":"info","message":{"STEP":"COLLECTING DATA","info":{"startTime":"4/22/2022 | 5:34:07 PM"}}}
{"level":"info","message":{"STEP":"INIT PARSE","info":{"startTime":"4/22/2022 | 5:34:15 PM","usersCount":100}}}
{"level":"info","message":{"STEP":"HALF PARSED","info":{"currentUserIndex":50,"startTime":"4/22/2022 | 5:38:18 PM","usersCount":100}}}
{"level":"info","message":"Server is running!"}
{"level":"info","message":"Server is running!"}
{"level":"info","message":"Server is running!"}
{"level":"info","message":"Server is running!"}
{"level":"info","message":{"STEP":"COLLECTING DATA","info":{"startTime":"4/22/2022 | 6:02:00 PM"}}}
{"level":"info","message":{"STEP":"INIT PARSE","info":{"startTime":"4/22/2022 | 6:02:07 PM","usersCount":100}}}
{"level":"info","message":{"STEP":"COLLECTING DATA","info":{"startTime":"4/22/2022 | 6:03:00 PM"}}}
{"level":"info","message":{"STEP":"INIT PARSE","info":{"startTime":"4/22/2022 | 6:03:07 PM","usersCount":100}}}
{"level":"info","message":{"STEP":"COLLECTING DATA","info":{"startTime":"4/22/2022 | 6:04:00 PM"}}}
{"level":"info","message":{"STEP":"PARSE FINALIZED","info":{"startTime":"4/22/2022 | 6:04:42 PM","usersCount":100}}}
{"level":"info","message":{"STEP":"COLLECTING DATA","info":{"startTime":"4/22/2022 | 6:05:00 PM"}}}
{"level":"info","message":{"STEP":"COLLECTING DATA","info":{"startTime":"4/22/2022 | 6:06:00 PM"}}}
{"level":"info","message":{"STEP":"INIT PARSE","info":{"startTime":"4/22/2022 | 6:06:07 PM","usersCount":100}}}
{"level":"info","message":{"STEP":"COLLECTING DATA","info":{"startTime":"4/22/2022 | 6:07:00 PM"}}}
{"level":"info","message":{"STEP":"INIT PARSE","info":{"startTime":"4/22/2022 | 6:07:07 PM","usersCount":100}}}
{"level":"info","message":{"STEP":"COLLECTING DATA","info":{"startTime":"4/22/2022 | 6:08:00 PM"}}}
{"level":"info","message":{"STEP":"PARSE FINALIZED","info":{"startTime":"4/22/2022 | 6:08:11 PM","usersCount":100}}}
{"level":"info","message":"Server is running!"}
{"level":"info","message":"Server is running!"}
{"level":"info","message":"Server is running!"}
{"level":"info","message":"Server is running!"}
{"level":"info","message":"Server is running!"}
{"level":"info","message":"Server is running!"}
{"level":"info","message":{"STEP":"COLLECTING DATA","info":{"startTime":"4/22/2022 | 6:25:00 PM"}}}
{"level":"info","message":{"STEP":"INIT PARSE","info":{"startTime":"4/22/2022 | 6:25:08 PM","usersCount":100}}}
{"level":"info","message":"Server is running!"}
{"level":"info","message":{"STEP":"COLLECTING DATA","info":{"startTime":"4/22/2022 | 6:27:00 PM"}}}
{"level":"info","message":{"STEP":"INIT PARSE","info":{"startTime":"4/22/2022 | 6:27:07 PM","usersCount":100}}}
{"level":"info","message":"Server is running!"}
{"level":"info","message":{"STEP":"COLLECTING DATA","info":{"startTime":"4/22/2022 | 6:37:00 PM"}}}
{"level":"info","message":{"STEP":"INIT PARSE","info":{"startTime":"4/22/2022 | 6:37:07 PM","usersCount":100}}}
{"level":"info","message":"Server is running!"}
{"level":"info","message":"Server is running!"}
{"level":"info","message":"Server is running!"}
{"level":"info","message":"Server is running!"}
{"level":"info","message":{"STEP":"COLLECTING DATA","info":{"startTime":"4/22/2022 | 6:46:00 PM"}}}
{"level":"info","message":{"STEP":"INIT PARSE","info":{"startTime":"4/22/2022 | 6:46:08 PM","usersCount":100}}}
{"level":"info","message":{"STEP":"COLLECTING DATA","info":{"startTime":"4/22/2022 | 6:47:00 PM"}}}
{"level":"info","message":{"STEP":"INIT PARSE","info":{"startTime":"4/22/2022 | 6:47:07 PM","usersCount":100}}}
{"level":"info","message":"Server is running!"}
{"level":"info","message":"Server is running!"}
{"level":"info","message":"Server is running!"}
{"level":"info","message":"Server is running!"}
{"level":"info","message":"Server is running!"}
{"level":"info","message":{"STEP":"COLLECTING DATA","info":{"startTime":"4/22/2022 | 7:00:00 PM"}}}
{"level":"info","message":"Server is running!"}
{"level":"info","message":"Server is running!"}
{"level":"info","message":"Server is running!"}
{"level":"info","message":"Server is running!"}
{"level":"info","message":{"STEP":"COLLECTING DATA","info":{"startTime":"4/22/2022 | 4:06:32 PM"}}}
{"level":"info","message":{"STEP":"INIT PARSE","info":{"startTime":"4/22/2022 | 4:06:40 PM","usersCount":100}}}
{"level":"info","message":{"STEP":"HALF PARSED","info":{"currentUserIndex":50,"startTime":"4/22/2022 | 4:10:42 PM","usersCount":100}}}
{"level":"info","message":{"STEP":"PARSE FINALIZED","info":{"startTime":"4/22/2022 | 4:14:54 PM","usersCount":100}}}
{"level":"info","message":"Server is running!"}
{"level":"info","message":"Server is running!"}
{"level":"info","message":{"STEP":"COLLECTING DATA","info":{"startTime":"4/22/2022 | 7:19:52 PM"}}}
{"level":"info","message":{"STEP":"INIT PARSE","info":{"startTime":"4/22/2022 | 7:19:59 PM","usersCount":100}}}
{"level":"info","message":{"STEP":"HALF PARSED","info":{"currentUserIndex":50,"startTime":"4/22/2022 | 7:24:02 PM","usersCount":100}}}
{"level":"info","message":"Server is running!"}
{"level":"info","message":{"STEP":"COLLECTING DATA","info":{"startTime":"4/22/2022 | 7:37:44 PM"}}}
{"level":"info","message":{"STEP":"INIT PARSE","info":{"startTime":"4/22/2022 | 7:37:51 PM","usersCount":100}}}
{"level":"info","message":{"STEP":"HALF PARSED","info":{"currentUserIndex":50,"startTime":"4/22/2022 | 7:41:53 PM","usersCount":100}}}
{"level":"info","message":{"STEP":"PARSE FINALIZED","info":{"startTime":"4/22/2022 | 7:45:55 PM","usersCount":100}}}
{"level":"info","message":{"STEP":"COLLECTING DATA","info":{"startTime":"4/22/2022 | 8:00:00 PM"}}}
